<testsuites id="" name="" tests="5" failures="1" skipped="0" errors="0" time="8.87287600004673">
<testsuite name="demo-todo-app.spec.js" timestamp="1666345925410" hostname="" tests="5" failures="1" skipped="0" time="14.256" errors="0">
<testcase name="New Todo should allow me to add todo items" classname="demo-todo-app.spec.js › New Todo › should allow me to add todo items" time="2.112">
</testcase>
<testcase name="New Todo should clear text input field when an item is added" classname="demo-todo-app.spec.js › New Todo › should clear text input field when an item is added" time="2.047">
</testcase>
<testcase name="New Todo should append new items to the bottom of the list" classname="demo-todo-app.spec.js › New Todo › should append new items to the bottom of the list" time="2.233">
</testcase>
<testcase name="Mark all as completed should allow me to mark all items as completed" classname="demo-todo-app.spec.js › Mark all as completed › should allow me to mark all items as completed" time="7.35">
<properties>
<property name="testrail_attachment" value="test-results/screenshots/screenshot-f6f2df78-0eaa-487c-a7a3-97ec6bb66a9a.png">
</property>
</properties>
<failure message="demo-todo-app.spec.js:82:3 should allow me to mark all items as completed" type="FAILURE">
<![CDATA[  demo-todo-app.spec.js:82:3 › Mark all as completed › should allow me to mark all items as completed 

    Error: expect(received).toHaveClass(expected) // deep equality

    - Expected  - 3
    + Received  + 3

      Array [
    -   "complete",
    -   "complete",
    -   "complete",
    +   "completed",
    +   "completed",
    +   "completed",
      ]
    Call log:
      - expect.toHaveClass with timeout 5000ms
      - waiting for selector ".todo-list li"
      -   selector resolved to 3 elements


      85 |
      86 |     // Ensure all todos have 'completed' class.
    > 87 |     await expect(page.locator('.todo-list li')).toHaveClass(['complete', 'complete', 'complete']);
         |                                                 ^
      88 |     await checkNumberOfCompletedTodosInLocalStorage(page, 3);
      89 |   });
      90 |

        at C:\Github\automation-frameworks-integration\samples\javascript\playwright\tests\demo-todo-app.spec.js:87:49
]]>
</failure>
</testcase>
<testcase name="Mark all as completed should allow me to clear the complete state of all items" classname="demo-todo-app.spec.js › Mark all as completed › should allow me to clear the complete state of all items" time="0.514">
</testcase>
</testsuite>
</testsuites>